2023/02/07 22:50:46 [notice] 1#1: using the "epoll" event method
2023/02/07 22:50:46 [notice] 1#1: nginx/1.23.3
2023/02/07 22:50:46 [notice] 1#1: built by gcc 12.2.1 20220924 (Alpine 12.2.1_git20220924-r4) 
2023/02/07 22:50:46 [notice] 1#1: OS: Linux 5.10.102.1-microsoft-standard-WSL2
2023/02/07 22:50:46 [notice] 1#1: getrlimit(RLIMIT_NOFILE): 1048576:1048576
2023/02/07 22:50:46 [notice] 1#1: start worker processes
2023/02/07 22:50:46 [notice] 1#1: start worker process 29
2023/02/07 22:50:46 [notice] 1#1: start worker process 30
2023/02/07 22:50:46 [notice] 1#1: start worker process 31
2023/02/07 22:50:46 [notice] 1#1: start worker process 32
2023/02/07 22:54:18 [notice] 1#1: signal 3 (SIGQUIT) received, shutting down
2023/02/07 22:54:18 [notice] 29#29: gracefully shutting down
2023/02/07 22:54:18 [notice] 29#29: exiting
2023/02/07 22:54:18 [notice] 31#31: gracefully shutting down
2023/02/07 22:54:18 [notice] 31#31: exiting
2023/02/07 22:54:18 [notice] 30#30: gracefully shutting down
2023/02/07 22:54:18 [notice] 29#29: exit
2023/02/07 22:54:18 [notice] 31#31: exit
2023/02/07 22:54:18 [notice] 30#30: exiting
2023/02/07 22:54:18 [notice] 30#30: exit
2023/02/07 22:54:18 [notice] 32#32: gracefully shutting down
2023/02/07 22:54:18 [notice] 32#32: exiting
2023/02/07 22:54:18 [notice] 32#32: exit
2023/02/07 22:54:18 [notice] 1#1: signal 17 (SIGCHLD) received from 30
2023/02/07 22:54:18 [notice] 1#1: worker process 29 exited with code 0
2023/02/07 22:54:18 [notice] 1#1: worker process 30 exited with code 0
2023/02/07 22:54:18 [notice] 1#1: worker process 31 exited with code 0
2023/02/07 22:54:18 [notice] 1#1: signal 29 (SIGIO) received
2023/02/07 22:54:18 [notice] 1#1: signal 17 (SIGCHLD) received from 32
2023/02/07 22:54:18 [notice] 1#1: worker process 32 exited with code 0
2023/02/07 22:54:18 [notice] 1#1: exit
2023/02/07 22:54:26 [notice] 1#1: using the "epoll" event method
2023/02/07 22:54:26 [notice] 1#1: nginx/1.23.3
2023/02/07 22:54:26 [notice] 1#1: built by gcc 12.2.1 20220924 (Alpine 12.2.1_git20220924-r4) 
2023/02/07 22:54:26 [notice] 1#1: OS: Linux 5.10.102.1-microsoft-standard-WSL2
2023/02/07 22:54:26 [notice] 1#1: getrlimit(RLIMIT_NOFILE): 1048576:1048576
2023/02/07 22:54:26 [notice] 1#1: start worker processes
2023/02/07 22:54:26 [notice] 1#1: start worker process 29
2023/02/07 22:54:26 [notice] 1#1: start worker process 30
2023/02/07 22:54:26 [notice] 1#1: start worker process 31
2023/02/07 22:54:26 [notice] 1#1: start worker process 32
2023/02/07 22:58:59 [notice] 1#1: signal 3 (SIGQUIT) received, shutting down
2023/02/07 22:58:59 [notice] 30#30: gracefully shutting down
2023/02/07 22:58:59 [notice] 32#32: gracefully shutting down
2023/02/07 22:58:59 [notice] 31#31: gracefully shutting down
2023/02/07 22:58:59 [notice] 30#30: exiting
2023/02/07 22:58:59 [notice] 32#32: exiting
2023/02/07 22:58:59 [notice] 29#29: gracefully shutting down
2023/02/07 22:58:59 [notice] 29#29: exiting
2023/02/07 22:58:59 [notice] 31#31: exiting
2023/02/07 22:58:59 [notice] 30#30: exit
2023/02/07 22:58:59 [notice] 31#31: exit
2023/02/07 22:58:59 [notice] 32#32: exit
2023/02/07 22:58:59 [notice] 29#29: exit
2023/02/07 22:58:59 [notice] 1#1: signal 17 (SIGCHLD) received from 31
2023/02/07 22:58:59 [notice] 1#1: worker process 31 exited with code 0
2023/02/07 22:58:59 [notice] 1#1: signal 29 (SIGIO) received
2023/02/07 22:58:59 [notice] 1#1: signal 17 (SIGCHLD) received from 32
2023/02/07 22:58:59 [notice] 1#1: worker process 32 exited with code 0
2023/02/07 22:58:59 [notice] 1#1: signal 29 (SIGIO) received
2023/02/07 22:58:59 [notice] 1#1: signal 17 (SIGCHLD) received from 30
2023/02/07 22:58:59 [notice] 1#1: worker process 29 exited with code 0
2023/02/07 22:58:59 [notice] 1#1: worker process 30 exited with code 0
2023/02/07 22:58:59 [notice] 1#1: exit
2023/02/07 22:59:01 [notice] 1#1: using the "epoll" event method
2023/02/07 22:59:01 [notice] 1#1: nginx/1.23.3
2023/02/07 22:59:01 [notice] 1#1: built by gcc 12.2.1 20220924 (Alpine 12.2.1_git20220924-r4) 
2023/02/07 22:59:01 [notice] 1#1: OS: Linux 5.10.102.1-microsoft-standard-WSL2
2023/02/07 22:59:01 [notice] 1#1: getrlimit(RLIMIT_NOFILE): 1048576:1048576
2023/02/07 22:59:01 [notice] 1#1: start worker processes
2023/02/07 22:59:01 [notice] 1#1: start worker process 29
2023/02/07 22:59:01 [notice] 1#1: start worker process 30
2023/02/07 22:59:01 [notice] 1#1: start worker process 31
2023/02/07 22:59:01 [notice] 1#1: start worker process 32
2023/02/07 23:01:29 [notice] 1#1: signal 3 (SIGQUIT) received, shutting down
2023/02/07 23:01:29 [notice] 29#29: gracefully shutting down
2023/02/07 23:01:29 [notice] 29#29: exiting
2023/02/07 23:01:29 [notice] 31#31: gracefully shutting down
2023/02/07 23:01:29 [notice] 30#30: gracefully shutting down
2023/02/07 23:01:29 [notice] 30#30: exiting
2023/02/07 23:01:29 [notice] 32#32: gracefully shutting down
2023/02/07 23:01:29 [notice] 29#29: exit
2023/02/07 23:01:29 [notice] 31#31: exiting
2023/02/07 23:01:29 [notice] 30#30: exit
2023/02/07 23:01:29 [notice] 32#32: exiting
2023/02/07 23:01:29 [notice] 31#31: exit
2023/02/07 23:01:29 [notice] 32#32: exit
2023/02/07 23:01:29 [notice] 1#1: signal 17 (SIGCHLD) received from 32
2023/02/07 23:01:29 [notice] 1#1: worker process 29 exited with code 0
2023/02/07 23:01:29 [notice] 1#1: worker process 30 exited with code 0
2023/02/07 23:01:29 [notice] 1#1: worker process 31 exited with code 0
2023/02/07 23:01:29 [notice] 1#1: worker process 32 exited with code 0
2023/02/07 23:01:29 [notice] 1#1: exit
2023/02/07 23:02:29 [notice] 1#1: using the "epoll" event method
2023/02/07 23:02:29 [notice] 1#1: nginx/1.23.3
2023/02/07 23:02:29 [notice] 1#1: built by gcc 12.2.1 20220924 (Alpine 12.2.1_git20220924-r4) 
2023/02/07 23:02:29 [notice] 1#1: OS: Linux 5.10.102.1-microsoft-standard-WSL2
2023/02/07 23:02:29 [notice] 1#1: getrlimit(RLIMIT_NOFILE): 1048576:1048576
2023/02/07 23:02:29 [notice] 1#1: start worker processes
2023/02/07 23:02:29 [notice] 1#1: start worker process 29
2023/02/07 23:02:29 [notice] 1#1: start worker process 30
2023/02/07 23:02:29 [notice] 1#1: start worker process 31
2023/02/07 23:02:29 [notice] 1#1: start worker process 32
2023/02/07 23:02:36 [notice] 1#1: signal 3 (SIGQUIT) received, shutting down
2023/02/07 23:02:36 [notice] 29#29: gracefully shutting down
2023/02/07 23:02:36 [notice] 32#32: gracefully shutting down
2023/02/07 23:02:36 [notice] 30#30: gracefully shutting down
2023/02/07 23:02:36 [notice] 31#31: gracefully shutting down
2023/02/07 23:02:36 [notice] 29#29: exiting
2023/02/07 23:02:36 [notice] 32#32: exiting
2023/02/07 23:02:36 [notice] 30#30: exiting
2023/02/07 23:02:36 [notice] 31#31: exiting
2023/02/07 23:02:36 [notice] 29#29: exit
2023/02/07 23:02:36 [notice] 32#32: exit
2023/02/07 23:02:36 [notice] 30#30: exit
2023/02/07 23:02:36 [notice] 31#31: exit
2023/02/07 23:02:36 [notice] 1#1: signal 17 (SIGCHLD) received from 29
2023/02/07 23:02:36 [notice] 1#1: worker process 29 exited with code 0
2023/02/07 23:02:36 [notice] 1#1: worker process 31 exited with code 0
2023/02/07 23:02:36 [notice] 1#1: signal 29 (SIGIO) received
2023/02/07 23:02:36 [notice] 1#1: signal 17 (SIGCHLD) received from 32
2023/02/07 23:02:36 [notice] 1#1: worker process 32 exited with code 0
2023/02/07 23:02:36 [notice] 1#1: signal 29 (SIGIO) received
2023/02/07 23:02:36 [notice] 1#1: signal 17 (SIGCHLD) received from 30
2023/02/07 23:02:36 [notice] 1#1: worker process 30 exited with code 0
2023/02/07 23:02:36 [notice] 1#1: exit
2023/02/07 23:02:44 [notice] 1#1: using the "epoll" event method
2023/02/07 23:02:44 [notice] 1#1: nginx/1.23.3
2023/02/07 23:02:44 [notice] 1#1: built by gcc 12.2.1 20220924 (Alpine 12.2.1_git20220924-r4) 
2023/02/07 23:02:44 [notice] 1#1: OS: Linux 5.10.102.1-microsoft-standard-WSL2
2023/02/07 23:02:44 [notice] 1#1: getrlimit(RLIMIT_NOFILE): 1048576:1048576
2023/02/07 23:02:44 [notice] 1#1: start worker processes
2023/02/07 23:02:44 [notice] 1#1: start worker process 28
2023/02/07 23:02:44 [notice] 1#1: start worker process 29
2023/02/07 23:02:44 [notice] 1#1: start worker process 30
2023/02/07 23:02:44 [notice] 1#1: start worker process 31
2023/02/07 23:15:49 [notice] 29#29: signal 15 (SIGTERM) received, exiting
2023/02/07 23:15:49 [notice] 29#29: exiting
2023/02/07 23:15:49 [notice] 1#1: signal 15 (SIGTERM) received, exiting
2023/02/07 23:15:49 [notice] 31#31: signal 15 (SIGTERM) received, exiting
2023/02/07 23:15:49 [notice] 31#31: exiting
2023/02/07 23:15:49 [notice] 30#30: signal 15 (SIGTERM) received, exiting
2023/02/07 23:15:49 [notice] 30#30: exiting
2023/02/07 23:15:49 [notice] 28#28: signal 15 (SIGTERM) received, exiting
2023/02/07 23:15:49 [notice] 28#28: exiting
2023/02/07 23:15:49 [notice] 29#29: exit
2023/02/07 23:15:49 [notice] 31#31: exit
2023/02/07 23:15:49 [notice] 30#30: exit
2023/02/07 23:15:49 [notice] 28#28: exit
2023/02/07 23:15:50 [notice] 1#1: signal 14 (SIGALRM) received
2023/02/07 23:15:50 [notice] 1#1: signal 17 (SIGCHLD) received from 31
2023/02/07 23:15:50 [notice] 1#1: worker process 28 exited with code 0
2023/02/07 23:15:50 [notice] 1#1: worker process 29 exited with code 0
2023/02/07 23:15:50 [notice] 1#1: worker process 30 exited with code 0
2023/02/07 23:15:50 [notice] 1#1: worker process 31 exited with code 0
2023/02/07 23:15:50 [notice] 1#1: exit
